# AUSAlib version: 17.1
# Calibrator version: 2.0
# Calibrator arguments: Calibrator -s ../setup/setup.json -k ../setup/calibration/4a.json -r 2 -b 13 -d U4 --eloss --gui
# Input files: 
#	../runs/Run212.root
Current time is: 2023-01-17 11:53
======================================================

Starting calibration of U4
Source: 
	{(3182.69, 1)}
	{(5105.5, 0.119615), (5144.3, 0.171409), (5156.59, 0.708976)}
	{(5388, 0.0166734), (5442.8, 0.131579), (5485.56, 0.851748)}
	{(5762.64, 0.231), (5804.77, 0.769)}
======================================================

Calibrating Front
======================================================

--------------------------------
Strip 1
--------------------------------
Deadlayer corrected source 
	{(3159.56, 1)}
	{(5087.91, 0.119615), (5126.78, 0.171409), (5139.1, 0.708976)}
	{(5370.96, 0.0166734), (5425.87, 0.131579), (5468.71, 0.851748)}
	{(5746.29, 0.231), (5788.49, 0.769)}
Peaks:
	Energy: 3159.56  Channel: 3279.72  Uncertaincy: 0.151231
	Energy: 5087.91  Channel: 5280.08  Uncertaincy: 0.167688
	Energy: 5126.78  Channel: 5320.46  Uncertaincy: 0.167688
	Energy: 5139.1  Channel: 5333.25  Uncertaincy: 0.167688
	Energy: 5370.96  Channel: 5576.97  Uncertaincy: 0.165376
	Energy: 5425.87  Channel: 5633.99  Uncertaincy: 0.165376
	Energy: 5468.71  Channel: 5678.48  Uncertaincy: 0.165376
	Energy: 5746.29  Channel: 5965.56  Uncertaincy: 0.24998
	Energy: 5788.49  Channel: 6009.39  Uncertaincy: 0.24998
Results: 
	Offset: 2.203 ± 2.36399
	Slope:  0.962892 ± 0.000438405
	Chi^2/ndf:  12.1338/7 = 1.7334
Covariance matrix
	5.58845	-0.00102569
	-0.00102569	1.92199e-07
Warnings:
	W2: Error on offset larger than value
--------------------------------
Strip 2
--------------------------------
Deadlayer corrected source 
	{(3160.3, 1)}
	{(5088.47, 0.119615), (5127.35, 0.171409), (5139.66, 0.708976)}
	{(5371.51, 0.0166734), (5426.41, 0.131579), (5469.25, 0.851748)}
	{(5746.81, 0.231), (5789.01, 0.769)}
Peaks:
	Energy: 3160.3  Channel: 3217.99  Uncertaincy: 0.114917
	Energy: 5088.47  Channel: 5181.65  Uncertaincy: 0.128713
	Energy: 5127.35  Channel: 5221.3  Uncertaincy: 0.128713
	Energy: 5139.66  Channel: 5233.85  Uncertaincy: 0.128713
	Energy: 5371.51  Channel: 5473.8  Uncertaincy: 0.129711
	Energy: 5426.41  Channel: 5529.78  Uncertaincy: 0.129711
	Energy: 5469.25  Channel: 5573.46  Uncertaincy: 0.129711
	Energy: 5746.81  Channel: 5855.06  Uncertaincy: 0.178986
	Energy: 5789.01  Channel: 5898.1  Uncertaincy: 0.178986
Results: 
	Offset: 5.64642 ± 2.35036
	Slope:  0.980565 ± 0.000443922
	Chi^2/ndf:  18.1008/7 = 2.58583
Covariance matrix
	5.5242	-0.00103263
	-0.00103263	1.97066e-07
Warnings:
	W11: P value 0.011523 is small than cutoff (0.050000)
--------------------------------
Strip 3
--------------------------------
Deadlayer corrected source 
	{(3160.96, 1)}
	{(5088.97, 0.119615), (5127.85, 0.171409), (5140.16, 0.708976)}
	{(5372, 0.0166734), (5426.9, 0.131579), (5469.73, 0.851748)}
	{(5747.28, 0.231), (5789.48, 0.769)}
Peaks:
	Energy: 3160.96  Channel: 3196.12  Uncertaincy: 0.1076
	Energy: 5088.97  Channel: 5143.86  Uncertaincy: 0.121295
	Energy: 5127.85  Channel: 5183.18  Uncertaincy: 0.121295
	Energy: 5140.16  Channel: 5195.64  Uncertaincy: 0.121295
	Energy: 5372  Channel: 5433.55  Uncertaincy: 0.118938
	Energy: 5426.9  Channel: 5489.09  Uncertaincy: 0.118938
	Energy: 5469.73  Channel: 5532.43  Uncertaincy: 0.118938
	Energy: 5747.28  Channel: 5813.07  Uncertaincy: 0.16557
	Energy: 5789.48  Channel: 5855.76  Uncertaincy: 0.16557
Results: 
	Offset: 3.65002 ± 2.34985
	Slope:  0.988211 ± 0.000447042
	Chi^2/ndf:  19.9309/7 = 2.84728
Covariance matrix
	5.52178	-0.00103968
	-0.00103968	1.99847e-07
Warnings:
	W11: P value 0.005721 is small than cutoff (0.050000)
--------------------------------
Strip 4
--------------------------------
Deadlayer corrected source 
	{(3161.53, 1)}
	{(5089.41, 0.119615), (5128.28, 0.171409), (5140.59, 0.708976)}
	{(5372.42, 0.0166734), (5427.31, 0.131579), (5470.14, 0.851748)}
	{(5747.68, 0.231), (5789.88, 0.769)}
Peaks:
	Energy: 3161.53  Channel: 3211.87  Uncertaincy: 0.115606
	Energy: 5089.41  Channel: 5169.88  Uncertaincy: 0.129212
	Energy: 5128.28  Channel: 5209.43  Uncertaincy: 0.129212
	Energy: 5140.59  Channel: 5221.96  Uncertaincy: 0.129212
	Energy: 5372.42  Channel: 5461.39  Uncertaincy: 0.12365
	Energy: 5427.31  Channel: 5517.24  Uncertaincy: 0.12365
	Energy: 5470.14  Channel: 5560.81  Uncertaincy: 0.12365
	Energy: 5747.68  Channel: 5843.89  Uncertaincy: 0.176833
	Energy: 5789.88  Channel: 5886.83  Uncertaincy: 0.176833
Results: 
	Offset: 6.99597 ± 2.35153
	Slope:  0.982605 ± 0.000445088
	Chi^2/ndf:  27.4168/7 = 3.91669
Covariance matrix
	5.52969	-0.00103587
	-0.00103587	1.98103e-07
Warnings:
	W11: P value 0.000280 is small than cutoff (0.050000)
--------------------------------
Strip 5
--------------------------------
Deadlayer corrected source 
	{(3162, 1)}
	{(5089.76, 0.119615), (5128.63, 0.171409), (5140.94, 0.708976)}
	{(5372.76, 0.0166734), (5427.65, 0.131579), (5470.48, 0.851748)}
	{(5748.01, 0.231), (5790.2, 0.769)}
Peaks:
	Energy: 3162  Channel: 3213.46  Uncertaincy: 0.109591
	Energy: 5089.76  Channel: 5169.94  Uncertaincy: 0.13009
	Energy: 5128.63  Channel: 5209.43  Uncertaincy: 0.13009
	Energy: 5140.94  Channel: 5221.94  Uncertaincy: 0.13009
	Energy: 5372.76  Channel: 5460.56  Uncertaincy: 0.12675
	Energy: 5427.65  Channel: 5516.34  Uncertaincy: 0.12675
	Energy: 5470.48  Channel: 5559.85  Uncertaincy: 0.12675
	Energy: 5748.01  Channel: 5840.37  Uncertaincy: 0.181025
	Energy: 5790.2  Channel: 5883.24  Uncertaincy: 0.181025
Results: 
	Offset: 0.0348651 ± 2.35261
	Slope:  0.984174 ± 0.000445419
	Chi^2/ndf:  14.0072/7 = 2.00102
Covariance matrix
	5.53475	-0.00103712
	-0.00103712	1.98398e-07
Warnings:
	W2: Error on offset larger than value
--------------------------------
Strip 6
--------------------------------
Deadlayer corrected source 
	{(3162.35, 1)}
	{(5090.03, 0.119615), (5128.9, 0.171409), (5141.21, 0.708976)}
	{(5373.02, 0.0166734), (5427.91, 0.131579), (5470.74, 0.851748)}
	{(5748.26, 0.231), (5790.45, 0.769)}
Peaks:
	Energy: 3162.35  Channel: 3046.25  Uncertaincy: 0.139844
	Energy: 5090.03  Channel: 4902.32  Uncertaincy: 0.152723
	Energy: 5128.9  Channel: 4939.79  Uncertaincy: 0.152723
	Energy: 5141.21  Channel: 4951.66  Uncertaincy: 0.152723
	Energy: 5373.02  Channel: 5177.22  Uncertaincy: 0.197681
	Energy: 5427.91  Channel: 5230.14  Uncertaincy: 0.197681
	Energy: 5470.74  Channel: 5271.43  Uncertaincy: 0.197681
	Energy: 5748.26  Channel: 5541.14  Uncertaincy: 0.225254
	Energy: 5790.45  Channel: 5581.82  Uncertaincy: 0.225254
Results: 
	Offset: 5.49274 ± 2.36343
	Slope:  1.03678 ± 0.000472123
	Chi^2/ndf:  21.8107/7 = 3.11581
Covariance matrix
	5.58581	-0.00110427
	-0.00110427	2.229e-07
Warnings:
	W11: P value 0.002738 is small than cutoff (0.050000)
--------------------------------
Strip 7
--------------------------------
Deadlayer corrected source 
	{(3162.6, 1)}
	{(5090.22, 0.119615), (5129.08, 0.171409), (5141.39, 0.708976)}
	{(5373.2, 0.0166734), (5428.09, 0.131579), (5470.92, 0.851748)}
	{(5748.43, 0.231), (5790.62, 0.769)}
Peaks:
	Energy: 3162.6  Channel: 3137.01  Uncertaincy: 0.112604
	Energy: 5090.22  Channel: 5052.57  Uncertaincy: 0.130339
	Energy: 5129.08  Channel: 5091.26  Uncertaincy: 0.130339
	Energy: 5141.39  Channel: 5103.52  Uncertaincy: 0.130339
	Energy: 5373.2  Channel: 5338.3  Uncertaincy: 0.125833
	Energy: 5428.09  Channel: 5392.95  Uncertaincy: 0.125833
	Energy: 5470.92  Channel: 5435.59  Uncertaincy: 0.125833
	Energy: 5748.43  Channel: 5712.05  Uncertaincy: 0.183396
	Energy: 5790.62  Channel: 5754.06  Uncertaincy: 0.183396
Results: 
	Offset: 14.0679 ± 2.34892
	Slope:  1.00414 ± 0.00045493
	Chi^2/ndf:  31.272/7 = 4.46742
Covariance matrix
	5.51741	-0.00105756
	-0.00105756	2.06962e-07
Warnings:
	W11: P value 0.000055 is small than cutoff (0.050000)
--------------------------------
Strip 8
--------------------------------
Deadlayer corrected source 
	{(3162.72, 1)}
	{(5090.31, 0.119615), (5129.18, 0.171409), (5141.49, 0.708976)}
	{(5373.29, 0.0166734), (5428.18, 0.131579), (5471.01, 0.851748)}
	{(5748.52, 0.231), (5790.71, 0.769)}
Peaks:
	Energy: 3162.72  Channel: 3222.86  Uncertaincy: 0.125998
	Energy: 5090.31  Channel: 5193.88  Uncertaincy: 0.138862
	Energy: 5129.18  Channel: 5233.67  Uncertaincy: 0.138862
	Energy: 5141.49  Channel: 5246.27  Uncertaincy: 0.138862
	Energy: 5373.29  Channel: 5486.55  Uncertaincy: 0.139584
	Energy: 5428.18  Channel: 5542.74  Uncertaincy: 0.139584
	Energy: 5471.01  Channel: 5586.59  Uncertaincy: 0.139584
	Energy: 5748.52  Channel: 5869.86  Uncertaincy: 0.19868
	Energy: 5790.71  Channel: 5913.06  Uncertaincy: 0.19868
Results: 
	Offset: 15.6911 ± 2.35086
	Slope:  0.976714 ± 0.000443015
	Chi^2/ndf:  13.3424/7 = 1.90606
Covariance matrix
	5.52656	-0.00103071
	-0.00103071	1.96263e-07
--------------------------------
Strip 9
--------------------------------
Deadlayer corrected source 
	{(3162.72, 1)}
	{(5090.31, 0.119615), (5129.18, 0.171409), (5141.49, 0.708976)}
	{(5373.29, 0.0166734), (5428.18, 0.131579), (5471.01, 0.851748)}
	{(5748.52, 0.231), (5790.71, 0.769)}
Peaks:
	Energy: 3162.72  Channel: 3139.47  Uncertaincy: 0.13076
	Energy: 5090.31  Channel: 5056.91  Uncertaincy: 0.141177
	Energy: 5129.18  Channel: 5095.63  Uncertaincy: 0.141177
	Energy: 5141.49  Channel: 5107.89  Uncertaincy: 0.141177
	Energy: 5373.29  Channel: 5341.86  Uncertaincy: 0.149062
	Energy: 5428.18  Channel: 5396.54  Uncertaincy: 0.149062
	Energy: 5471.01  Channel: 5439.2  Uncertaincy: 0.149062
	Energy: 5748.52  Channel: 5715.58  Uncertaincy: 0.202975
	Energy: 5790.71  Channel: 5757.61  Uncertaincy: 0.202975
Results: 
	Offset: 12.7108 ± 2.35455
	Slope:  1.0037 ± 0.000455742
	Chi^2/ndf:  17.442/7 = 2.49171
Covariance matrix
	5.54391	-0.00106199
	-0.00106199	2.07701e-07
Warnings:
	W11: P value 0.014758 is small than cutoff (0.050000)
--------------------------------
Strip 10
--------------------------------
Deadlayer corrected source 
	{(3162.6, 1)}
	{(5090.22, 0.119615), (5129.08, 0.171409), (5141.39, 0.708976)}
	{(5373.2, 0.0166734), (5428.09, 0.131579), (5470.92, 0.851748)}
	{(5748.43, 0.231), (5790.62, 0.769)}
Peaks:
	Energy: 3162.6  Channel: 2914.21  Uncertaincy: 0.136077
	Energy: 5090.22  Channel: 4698.42  Uncertaincy: 0.141184
	Energy: 5129.08  Channel: 4734.43  Uncertaincy: 0.141184
	Energy: 5141.39  Channel: 4745.84  Uncertaincy: 0.141184
	Energy: 5373.2  Channel: 4963.01  Uncertaincy: 0.146301
	Energy: 5428.09  Channel: 5013.87  Uncertaincy: 0.146301
	Energy: 5470.92  Channel: 5053.55  Uncertaincy: 0.146301
	Energy: 5748.43  Channel: 5309.59  Uncertaincy: 0.206677
	Energy: 5790.62  Channel: 5348.69  Uncertaincy: 0.206677
Results: 
	Offset: 17.927 ± 2.35781
	Slope:  1.07928 ± 0.000491274
	Chi^2/ndf:  10.1797/7 = 1.45424
Covariance matrix
	5.55929	-0.00114636
	-0.00114636	2.4135e-07
Warnings:
	W0: Calibration is outlier!
--------------------------------
Strip 11
--------------------------------
Deadlayer corrected source 
	{(3162.35, 1)}
	{(5090.03, 0.119615), (5128.9, 0.171409), (5141.21, 0.708976)}
	{(5373.02, 0.0166734), (5427.91, 0.131579), (5470.74, 0.851748)}
	{(5748.26, 0.231), (5790.45, 0.769)}
Peaks:
	Energy: 3162.35  Channel: 3248.14  Uncertaincy: 0.167914
	Energy: 5090.03  Channel: 5235.32  Uncertaincy: 0.187661
	Energy: 5128.9  Channel: 5275.46  Uncertaincy: 0.187661
	Energy: 5141.21  Channel: 5288.18  Uncertaincy: 0.187661
	Energy: 5373.02  Channel: 5531.82  Uncertaincy: 0.192934
	Energy: 5427.91  Channel: 5588.51  Uncertaincy: 0.192934
	Energy: 5470.74  Channel: 5632.74  Uncertaincy: 0.192934
	Energy: 5748.26  Channel: 5919.43  Uncertaincy: 0.277376
	Energy: 5790.45  Channel: 5963.01  Uncertaincy: 0.277376
Results: 
	Offset: 19.6827 ± 2.36539
	Slope:  0.96798 ± 0.000442399
	Chi^2/ndf:  31.2401/7 = 4.46288
Covariance matrix
	5.59509	-0.00103557
	-0.00103557	1.95717e-07
Warnings:
	W11: P value 0.000056 is small than cutoff (0.050000)
--------------------------------
Strip 12
--------------------------------
Deadlayer corrected source 
	{(3162, 1)}
	{(5089.76, 0.119615), (5128.63, 0.171409), (5140.94, 0.708976)}
	{(5372.76, 0.0166734), (5427.65, 0.131579), (5470.48, 0.851748)}
	{(5748.01, 0.231), (5790.2, 0.769)}
Peaks:
	Energy: 3162  Channel: 3129.05  Uncertaincy: 0.201371
	Energy: 5089.76  Channel: 5042.59  Uncertaincy: 0.212034
	Energy: 5128.63  Channel: 5081.24  Uncertaincy: 0.212034
	Energy: 5140.94  Channel: 5093.48  Uncertaincy: 0.212034
	Energy: 5372.76  Channel: 5327.66  Uncertaincy: 0.244993
	Energy: 5427.65  Channel: 5382.24  Uncertaincy: 0.244993
	Energy: 5470.48  Channel: 5424.82  Uncertaincy: 0.244993
	Energy: 5748.01  Channel: 5701.91  Uncertaincy: 0.34607
	Energy: 5790.2  Channel: 5743.86  Uncertaincy: 0.34607
Results: 
	Offset: 18.1776 ± 2.38639
	Slope:  1.00523 ± 0.000463831
	Chi^2/ndf:  31.0958/7 = 4.44226
Covariance matrix
	5.69484	-0.00109531
	-0.00109531	2.15139e-07
Warnings:
	W11: P value 0.000060 is small than cutoff (0.050000)
--------------------------------
Strip 13
--------------------------------
Deadlayer corrected source 
	{(3161.53, 1)}
	{(5089.41, 0.119615), (5128.28, 0.171409), (5140.59, 0.708976)}
	{(5372.42, 0.0166734), (5427.31, 0.131579), (5470.14, 0.851748)}
	{(5747.68, 0.231), (5789.88, 0.769)}
Peaks:
	Energy: 3161.53  Channel: 3133.8  Uncertaincy: 0.245636
	Energy: 5089.41  Channel: 5058.71  Uncertaincy: 0.265678
	Energy: 5128.28  Channel: 5097.53  Uncertaincy: 0.265678
	Energy: 5140.59  Channel: 5109.82  Uncertaincy: 0.265678
	Energy: 5372.42  Channel: 5340.73  Uncertaincy: 0.425732
	Energy: 5427.31  Channel: 5395.55  Uncertaincy: 0.425732
	Energy: 5470.14  Channel: 5438.32  Uncertaincy: 0.425732
	Energy: 5747.68  Channel: 5717.13  Uncertaincy: 0.449288
	Energy: 5789.88  Channel: 5759.27  Uncertaincy: 0.449288
Results: 
	Offset: 23.7713 ± 2.41303
	Slope:  1.00136 ± 0.000468979
	Chi^2/ndf:  2.81343/7 = 0.401918
Covariance matrix
	5.82271	-0.00111936
	-0.00111936	2.19941e-07
--------------------------------
Strip 14
--------------------------------
Deadlayer corrected source 
	{(3160.96, 1)}
	{(5088.97, 0.119615), (5127.85, 0.171409), (5140.16, 0.708976)}
	{(5372, 0.0166734), (5426.9, 0.131579), (5469.73, 0.851748)}
	{(5747.28, 0.231), (5789.48, 0.769)}
Peaks:
	Energy: 3160.96  Channel: 3174.92  Uncertaincy: 0.407045
	Energy: 5088.97  Channel: 5126.85  Uncertaincy: 0.42549
	Energy: 5127.85  Channel: 5166.22  Uncertaincy: 0.42549
	Energy: 5140.16  Channel: 5178.68  Uncertaincy: 0.42549
	Energy: 5372  Channel: 5413.34  Uncertaincy: 0.486013
	Energy: 5426.9  Channel: 5468.93  Uncertaincy: 0.486013
	Energy: 5469.73  Channel: 5512.3  Uncertaincy: 0.486013
	Energy: 5747.28  Channel: 5794.17  Uncertaincy: 0.732013
	Energy: 5789.48  Channel: 5836.9  Uncertaincy: 0.732013
Results: 
	Offset: 25.6764 ± 2.54268
	Slope:  0.987576 ± 0.00048889
	Chi^2/ndf:  0.66678/7 = 0.0952543
Covariance matrix
	6.46523	-0.0012296
	-0.0012296	2.39013e-07
--------------------------------
Strip 15
--------------------------------
Deadlayer corrected source 
	{(3160.3, 1)}
	{(5088.47, 0.119615), (5127.35, 0.171409), (5139.66, 0.708976)}
	{(5371.51, 0.0166734), (5426.41, 0.131579), (5469.25, 0.851748)}
	{(5746.81, 0.231), (5789.01, 0.769)}
Peaks:
	Energy: 3160.3  Channel: 2981.69  Uncertaincy: 0.631835
	Energy: 5088.47  Channel: 4819.17  Uncertaincy: 0.932379
	Energy: 5127.35  Channel: 4856.22  Uncertaincy: 0.932379
	Energy: 5139.66  Channel: 4867.95  Uncertaincy: 0.932379
	Energy: 5371.51  Channel: 5089.47  Uncertaincy: 0.712594
	Energy: 5426.41  Channel: 5141.78  Uncertaincy: 0.712594
	Energy: 5469.25  Channel: 5182.6  Uncertaincy: 0.712594
	Energy: 5746.81  Channel: 5444.97  Uncertaincy: 1.1196
	Energy: 5789.01  Channel: 5485.18  Uncertaincy: 1.1196
Results: 
	Offset: 30.6079 ± 2.85842
	Slope:  1.04954 ± 0.000587673
	Chi^2/ndf:  2.88588/7 = 0.412269
Covariance matrix
	8.17055	-0.00165909
	-0.00165909	3.4536e-07
--------------------------------
Strip 16
--------------------------------
Deadlayer corrected source 
	{(3159.56, 1)}
	{(5087.91, 0.119615), (5126.78, 0.171409), (5139.1, 0.708976)}
	{(5370.96, 0.0166734), (5425.87, 0.131579), (5468.71, 0.851748)}
	{(5746.29, 0.231), (5788.49, 0.769)}
Peaks:
	Energy: 3159.56  Channel: 3095.44  Uncertaincy: 0.393793
	Energy: 5087.91  Channel: 5036.37  Uncertaincy: 2.05822
	Energy: 5126.78  Channel: 5076.11  Uncertaincy: 2.05822
	Energy: 5139.1  Channel: 5088.7  Uncertaincy: 2.05822
	Energy: 5370.96  Channel: 5781.24  Uncertaincy: 1.2509e+07
	Energy: 5425.87  Channel: 5837.36  Uncertaincy: 1.2509e+07
	Energy: 5468.71  Channel: 5881.16  Uncertaincy: 1.2509e+07
	Energy: 5746.29  Channel: 5095.7  Uncertaincy: 165.38
	Energy: 5788.49  Channel: 5138.84  Uncertaincy: 165.38
Results: 
	Offset: 84.7245 ± 3.44457
	Slope:  0.993338 ± 0.000860432
	Chi^2/ndf:  26.7035/7 = 3.81479
Covariance matrix
	11.8651	-0.00287618
	-0.00287618	7.40342e-07
Warnings:
	W1: Peaks ordering is jumbled. Peak finding did probably not succed.
	W11: P value 0.000377 is small than cutoff (0.050000)
	W12: Residuals (5) is larger than 5.000000 keV
======================================================
Calibrating Back
======================================================

--------------------------------
Strip 1
--------------------------------
Deadlayer corrected source 
	{(3157.12, 1)}
	{(5086.06, 0.119615), (5124.94, 0.171409), (5137.26, 0.708976)}
	{(5369.17, 0.0166734), (5424.09, 0.131579), (5466.94, 0.851748)}
	{(5744.57, 0.231), (5786.78, 0.769)}
Peaks:
	Energy: 3157.12  Channel: 3172.44  Uncertaincy: 0.243154
	Energy: 5086.06  Channel: 5105.58  Uncertaincy: 0.261634
	Energy: 5124.94  Channel: 5144.58  Uncertaincy: 0.261634
	Energy: 5137.26  Channel: 5156.93  Uncertaincy: 0.261634
	Energy: 5369.17  Channel: 5390.68  Uncertaincy: 0.310787
	Energy: 5424.09  Channel: 5445.75  Uncertaincy: 0.310787
	Energy: 5466.94  Channel: 5488.72  Uncertaincy: 0.310787
	Energy: 5744.57  Channel: 5768.14  Uncertaincy: 0.437134
	Energy: 5786.78  Channel: 5810.47  Uncertaincy: 0.437134
Results: 
	Offset: -4.99895 ± 2.41946
	Slope:  0.996964 ± 0.00046525
	Chi^2/ndf:  5.05491/7 = 0.722131
Covariance matrix
	5.85379	-0.00111382
	-0.00111382	2.16457e-07
--------------------------------
Strip 2
--------------------------------
Deadlayer corrected source 
	{(3158.08, 1)}
	{(5086.78, 0.119615), (5125.66, 0.171409), (5137.98, 0.708976)}
	{(5369.87, 0.0166734), (5424.78, 0.131579), (5467.63, 0.851748)}
	{(5745.24, 0.231), (5787.45, 0.769)}
Peaks:
	Energy: 3158.08  Channel: 3268.22  Uncertaincy: 0.168447
	Energy: 5086.78  Channel: 5264.81  Uncertaincy: 0.188266
	Energy: 5125.66  Channel: 5305.09  Uncertaincy: 0.188266
	Energy: 5137.98  Channel: 5317.85  Uncertaincy: 0.188266
	Energy: 5369.87  Channel: 5560.41  Uncertaincy: 0.184027
	Energy: 5424.78  Channel: 5617.29  Uncertaincy: 0.184027
	Energy: 5467.63  Channel: 5661.67  Uncertaincy: 0.184027
	Energy: 5745.24  Channel: 5947.17  Uncertaincy: 0.274438
	Energy: 5787.45  Channel: 5990.9  Uncertaincy: 0.274438
Results: 
	Offset: 3.07145 ± 2.3694
	Slope:  0.965418 ± 0.000440801
	Chi^2/ndf:  8.58485/7 = 1.22641
Covariance matrix
	5.61406	-0.00103363
	-0.00103363	1.94306e-07
--------------------------------
Strip 3
--------------------------------
Deadlayer corrected source 
	{(3158.96, 1)}
	{(5087.46, 0.119615), (5126.34, 0.171409), (5138.65, 0.708976)}
	{(5370.53, 0.0166734), (5425.43, 0.131579), (5468.28, 0.851748)}
	{(5745.87, 0.231), (5788.07, 0.769)}
Peaks:
	Energy: 3158.96  Channel: 0.499939  Uncertaincy: 0
	Energy: 5087.46  Channel: 0.499939  Uncertaincy: 0
	Energy: 5126.34  Channel: 0.499939  Uncertaincy: 0
	Energy: 5138.65  Channel: 0.499939  Uncertaincy: 0
	Energy: 5370.53  Channel: 0.499939  Uncertaincy: 0
	Energy: 5425.43  Channel: 0.499939  Uncertaincy: 0
	Energy: 5468.28  Channel: 0.499939  Uncertaincy: 0
	Energy: 5745.87  Channel: 0.499939  Uncertaincy: 0
	Energy: 5788.07  Channel: 0.499939  Uncertaincy: 0
Results: 
	Offset: nan ± nan
	Slope:  inf ± -nan
	Chi^2/ndf:  inf/7 = inf
Covariance matrix
	nan	nan
	nan	-nan
Warnings:
	W8: Slope was Inf!
	W9: Offset was NaN!
--------------------------------
Strip 4
--------------------------------
Deadlayer corrected source 
	{(3159.78, 1)}
	{(5088.08, 0.119615), (5126.96, 0.171409), (5139.27, 0.708976)}
	{(5371.13, 0.0166734), (5426.03, 0.131579), (5468.87, 0.851748)}
	{(5746.45, 0.231), (5788.65, 0.769)}
Peaks:
	Energy: 3159.78  Channel: 3115.17  Uncertaincy: 0.136519
	Energy: 5088.08  Channel: 5013.14  Uncertaincy: 0.149719
	Energy: 5126.96  Channel: 5051.45  Uncertaincy: 0.149719
	Energy: 5139.27  Channel: 5063.58  Uncertaincy: 0.149719
	Energy: 5371.13  Channel: 5294.72  Uncertaincy: 0.155709
	Energy: 5426.03  Channel: 5348.82  Uncertaincy: 0.155709
	Energy: 5468.87  Channel: 5391.03  Uncertaincy: 0.155709
	Energy: 5746.45  Channel: 5663.55  Uncertaincy: 0.209869
	Energy: 5788.65  Channel: 5705.13  Uncertaincy: 0.209869
Results: 
	Offset: -0.909738 ± 2.36178
	Slope:  1.01483 ± 0.000461228
	Chi^2/ndf:  11.326/7 = 1.61799
Covariance matrix
	5.57799	-0.0010781
	-0.0010781	2.12731e-07
Warnings:
	W2: Error on offset larger than value
--------------------------------
Strip 5
--------------------------------
Deadlayer corrected source 
	{(3160.53, 1)}
	{(5088.64, 0.119615), (5127.52, 0.171409), (5139.83, 0.708976)}
	{(5371.68, 0.0166734), (5426.58, 0.131579), (5469.42, 0.851748)}
	{(5746.97, 0.231), (5789.17, 0.769)}
Peaks:
	Energy: 3160.53  Channel: 3158.36  Uncertaincy: 0.132614
	Energy: 5088.64  Channel: 5087.91  Uncertaincy: 0.141505
	Energy: 5127.52  Channel: 5126.84  Uncertaincy: 0.141505
	Energy: 5139.83  Channel: 5139.17  Uncertaincy: 0.141505
	Energy: 5371.68  Channel: 5373.34  Uncertaincy: 0.146173
	Energy: 5426.58  Channel: 5428.32  Uncertaincy: 0.146173
	Energy: 5469.42  Channel: 5471.22  Uncertaincy: 0.146173
	Energy: 5746.97  Channel: 5748.14  Uncertaincy: 0.209382
	Energy: 5789.17  Channel: 5790.4  Uncertaincy: 0.209382
Results: 
	Offset: 7.21362 ± 2.35644
	Slope:  0.998526 ± 0.000453436
	Chi^2/ndf:  5.90702/7 = 0.84386
Covariance matrix
	5.55279	-0.00105747
	-0.00105747	2.05604e-07
--------------------------------
Strip 6
--------------------------------
Deadlayer corrected source 
	{(3161.19, 1)}
	{(5089.15, 0.119615), (5128.02, 0.171409), (5140.33, 0.708976)}
	{(5372.16, 0.0166734), (5427.06, 0.131579), (5469.89, 0.851748)}
	{(5747.44, 0.231), (5789.64, 0.769)}
Peaks:
	Energy: 3161.19  Channel: 0.499939  Uncertaincy: 0
	Energy: 5089.15  Channel: 0.499939  Uncertaincy: 0
	Energy: 5128.02  Channel: 0.499939  Uncertaincy: 0
	Energy: 5140.33  Channel: 0.499939  Uncertaincy: 0
	Energy: 5372.16  Channel: 0.499939  Uncertaincy: 0
	Energy: 5427.06  Channel: 0.499939  Uncertaincy: 0
	Energy: 5469.89  Channel: 0.499939  Uncertaincy: 0
	Energy: 5747.44  Channel: 0.499939  Uncertaincy: 0
	Energy: 5789.64  Channel: 0.499939  Uncertaincy: 0
Results: 
	Offset: nan ± nan
	Slope:  inf ± -nan
	Chi^2/ndf:  inf/7 = inf
Covariance matrix
	nan	nan
	nan	-nan
Warnings:
	W1: Peaks ordering is jumbled. Peak finding did probably not succed.
	W1: Peaks ordering is jumbled. Peak finding did probably not succed.
	W1: Peaks ordering is jumbled. Peak finding did probably not succed.
	W8: Slope was Inf!
	W9: Offset was NaN!
--------------------------------
Strip 7
--------------------------------
Deadlayer corrected source 
	{(3161.75, 1)}
	{(5089.58, 0.119615), (5128.45, 0.171409), (5140.76, 0.708976)}
	{(5372.58, 0.0166734), (5427.47, 0.131579), (5470.31, 0.851748)}
	{(5747.84, 0.231), (5790.03, 0.769)}
Peaks:
	Energy: 3161.75  Channel: 0.499939  Uncertaincy: 0
	Energy: 5089.58  Channel: 0.499939  Uncertaincy: 0
	Energy: 5128.45  Channel: 0.499939  Uncertaincy: 0
	Energy: 5140.76  Channel: 0.499939  Uncertaincy: 0
	Energy: 5372.58  Channel: 0.499939  Uncertaincy: 0
	Energy: 5427.47  Channel: 0.499939  Uncertaincy: 0
	Energy: 5470.31  Channel: 0.499939  Uncertaincy: 0
	Energy: 5747.84  Channel: 0.499939  Uncertaincy: 0
	Energy: 5790.03  Channel: 0.499939  Uncertaincy: 0
Results: 
	Offset: nan ± nan
	Slope:  inf ± -nan
	Chi^2/ndf:  inf/7 = inf
Covariance matrix
	nan	nan
	nan	-nan
Warnings:
	W8: Slope was Inf!
	W9: Offset was NaN!
--------------------------------
Strip 8
--------------------------------
Deadlayer corrected source 
	{(3162.22, 1)}
	{(5089.93, 0.119615), (5128.8, 0.171409), (5141.11, 0.708976)}
	{(5372.92, 0.0166734), (5427.81, 0.131579), (5470.65, 0.851748)}
	{(5748.17, 0.231), (5790.36, 0.769)}
Peaks:
	Energy: 3162.22  Channel: 3084.15  Uncertaincy: 0.122292
	Energy: 5089.93  Channel: 4968.63  Uncertaincy: 0.137134
	Energy: 5128.8  Channel: 5006.64  Uncertaincy: 0.137134
	Energy: 5141.11  Channel: 5018.68  Uncertaincy: 0.137134
	Energy: 5372.92  Channel: 5246.62  Uncertaincy: 0.143479
	Energy: 5427.81  Channel: 5300.3  Uncertaincy: 0.143479
	Energy: 5470.65  Channel: 5342.18  Uncertaincy: 0.143479
	Energy: 5748.17  Channel: 5611.94  Uncertaincy: 0.20292
	Energy: 5790.36  Channel: 5653.2  Uncertaincy: 0.20292
Results: 
	Offset: 7.89919 ± 2.35522
	Slope:  1.02274 ± 0.000464164
	Chi^2/ndf:  3.91232/7 = 0.558903
Covariance matrix
	5.54707	-0.00108193
	-0.00108193	2.15448e-07
Warnings:
	W0: Calibration is outlier!
--------------------------------
Strip 9
--------------------------------
Deadlayer corrected source 
	{(3162.58, 1)}
	{(5090.2, 0.119615), (5129.07, 0.171409), (5141.38, 0.708976)}
	{(5373.19, 0.0166734), (5428.08, 0.131579), (5470.91, 0.851748)}
	{(5748.42, 0.231), (5790.61, 0.769)}
Peaks:
	Energy: 3162.58  Channel: 3151.9  Uncertaincy: 0.134378
	Energy: 5090.2  Channel: 5074.38  Uncertaincy: 0.147655
	Energy: 5129.07  Channel: 5113.19  Uncertaincy: 0.147655
	Energy: 5141.38  Channel: 5125.48  Uncertaincy: 0.147655
	Energy: 5373.19  Channel: 5359.92  Uncertaincy: 0.152211
	Energy: 5428.08  Channel: 5414.73  Uncertaincy: 0.152211
	Energy: 5470.91  Channel: 5457.49  Uncertaincy: 0.152211
	Energy: 5748.42  Channel: 5733.32  Uncertaincy: 0.205204
	Energy: 5790.61  Channel: 5775.45  Uncertaincy: 0.205204
Results: 
	Offset: 6.69778 ± 2.35807
	Slope:  1.00148 ± 0.000454893
	Chi^2/ndf:  13.5753/7 = 1.93932
Covariance matrix
	5.56051	-0.00106161
	-0.00106161	2.06928e-07
--------------------------------
Strip 10
--------------------------------
Deadlayer corrected source 
	{(3162.82, 1)}
	{(5090.39, 0.119615), (5129.25, 0.171409), (5141.56, 0.708976)}
	{(5373.36, 0.0166734), (5428.25, 0.131579), (5471.08, 0.851748)}
	{(5748.59, 0.231), (5790.78, 0.769)}
Peaks:
	Energy: 3162.82  Channel: 3109.44  Uncertaincy: 0.146844
	Energy: 5090.39  Channel: 5006.49  Uncertaincy: 0.16226
	Energy: 5129.25  Channel: 5044.78  Uncertaincy: 0.16226
	Energy: 5141.56  Channel: 5056.91  Uncertaincy: 0.16226
	Energy: 5373.36  Channel: 5287.84  Uncertaincy: 0.20132
	Energy: 5428.25  Channel: 5341.91  Uncertaincy: 0.20132
	Energy: 5471.08  Channel: 5384.11  Uncertaincy: 0.20132
	Energy: 5748.59  Channel: 5657.64  Uncertaincy: 0.235901
	Energy: 5790.78  Channel: 5699.21  Uncertaincy: 0.235901
Results: 
	Offset: 8.55101 ± 2.36363
	Slope:  1.01472 ± 0.000462359
	Chi^2/ndf:  12.4166/7 = 1.7738
Covariance matrix
	5.58674	-0.00108151
	-0.00108151	2.13776e-07
--------------------------------
Strip 11
--------------------------------
Deadlayer corrected source 
	{(3162.94, 1)}
	{(5090.48, 0.119615), (5129.35, 0.171409), (5141.66, 0.708976)}
	{(5373.46, 0.0166734), (5428.34, 0.131579), (5471.17, 0.851748)}
	{(5748.68, 0.231), (5790.87, 0.769)}
Peaks:
	Energy: 3162.94  Channel: 3122.37  Uncertaincy: 0.141753
	Energy: 5090.48  Channel: 5030.18  Uncertaincy: 0.15736
	Energy: 5129.35  Channel: 5068.67  Uncertaincy: 0.15736
	Energy: 5141.66  Channel: 5080.87  Uncertaincy: 0.15736
	Energy: 5373.46  Channel: 5312.68  Uncertaincy: 0.15645
	Energy: 5428.34  Channel: 5367.05  Uncertaincy: 0.15645
	Energy: 5471.17  Channel: 5409.46  Uncertaincy: 0.15645
	Energy: 5748.68  Channel: 5682.08  Uncertaincy: 0.222999
	Energy: 5790.87  Channel: 5723.86  Uncertaincy: 0.222999
Results: 
	Offset: 10.0965 ± 2.36025
	Slope:  1.0098 ± 0.000459432
	Chi^2/ndf:  9.36183/7 = 1.3374
Covariance matrix
	5.57077	-0.00107317
	-0.00107317	2.11077e-07
--------------------------------
Strip 12
--------------------------------
Deadlayer corrected source 
	{(3162.95, 1)}
	{(5090.48, 0.119615), (5129.35, 0.171409), (5141.66, 0.708976)}
	{(5373.46, 0.0166734), (5428.35, 0.131579), (5471.17, 0.851748)}
	{(5748.68, 0.231), (5790.87, 0.769)}
Peaks:
	Energy: 3162.95  Channel: 3216.92  Uncertaincy: 0.146881
	Energy: 5090.48  Channel: 5177.52  Uncertaincy: 0.166134
	Energy: 5129.35  Channel: 5217.11  Uncertaincy: 0.166134
	Energy: 5141.66  Channel: 5229.66  Uncertaincy: 0.166134
	Energy: 5373.46  Channel: 5469.42  Uncertaincy: 0.17978
	Energy: 5428.35  Channel: 5525.34  Uncertaincy: 0.17978
	Energy: 5471.17  Channel: 5568.96  Uncertaincy: 0.17978
	Energy: 5748.68  Channel: 5851.46  Uncertaincy: 0.230504
	Energy: 5790.87  Channel: 5894.44  Uncertaincy: 0.230504
Results: 
	Offset: 7.09519 ± 2.36274
	Slope:  0.981386 ± 0.000446761
	Chi^2/ndf:  22.3337/7 = 3.19052
Covariance matrix
	5.58252	-0.00104467
	-0.00104467	1.99595e-07
Warnings:
	W11: P value 0.002225 is small than cutoff (0.050000)
--------------------------------
Strip 13
--------------------------------
Deadlayer corrected source 
	{(3162.83, 1)}
	{(5090.39, 0.119615), (5129.26, 0.171409), (5141.57, 0.708976)}
	{(5373.37, 0.0166734), (5428.26, 0.131579), (5471.09, 0.851748)}
	{(5748.59, 0.231), (5790.79, 0.769)}
Peaks:
	Energy: 3162.83  Channel: 5272.33  Uncertaincy: 1.65168
	Energy: 5090.39  Channel: 5272.33  Uncertaincy: 1.65168
	Energy: 5129.26  Channel: 5272.33  Uncertaincy: 1.65168
	Energy: 5141.57  Channel: 5272.33  Uncertaincy: 1.65168
	Energy: 5373.37  Channel: 5272.33  Uncertaincy: 1.65168
	Energy: 5428.26  Channel: 5272.33  Uncertaincy: 1.65168
	Energy: 5471.09  Channel: 5272.32  Uncertaincy: 1.65168
	Energy: 5748.59  Channel: 5272.32  Uncertaincy: 1.65168
	Energy: 5790.79  Channel: 5272.32  Uncertaincy: 1.65168
Results: 
	Offset: 5.46595e+07 ± 90284.7
	Slope:  -10366.3 ± 17.1243
	Chi^2/ndf:  0.0167754/7 = 0.00239649
Covariance matrix
	8.15132e+09	-1.54297e+06
	-1.54297e+06	293.24
Warnings:
	W1: Peaks ordering is jumbled. Peak finding did probably not succed.
	W1: Peaks ordering is jumbled. Peak finding did probably not succed.
	W1: Peaks ordering is jumbled. Peak finding did probably not succed.
	W1: Peaks ordering is jumbled. Peak finding did probably not succed.
	W1: Peaks ordering is jumbled. Peak finding did probably not succed.
	W1: Peaks ordering is jumbled. Peak finding did probably not succed.
	W4: Negative slope!
	W5: Offset bigger than lowest peak!
	W12: Residuals (9) is larger than 5.000000 keV
	W0: Calibration is outlier!
--------------------------------
Strip 14
--------------------------------
Deadlayer corrected source 
	{(3162.59, 1)}
	{(5090.21, 0.119615), (5129.08, 0.171409), (5141.39, 0.708976)}
	{(5373.19, 0.0166734), (5428.08, 0.131579), (5470.91, 0.851748)}
	{(5748.43, 0.231), (5790.62, 0.769)}
Peaks:
	Energy: 3162.59  Channel: 3146.06  Uncertaincy: 0.185027
	Energy: 5090.21  Channel: 5063.62  Uncertaincy: 0.283368
	Energy: 5129.08  Channel: 5102.31  Uncertaincy: 0.283368
	Energy: 5141.39  Channel: 5114.57  Uncertaincy: 0.283368
	Energy: 5373.19  Channel: 5347.33  Uncertaincy: 0.241622
	Energy: 5428.08  Channel: 5401.98  Uncertaincy: 0.241622
	Energy: 5470.91  Channel: 5444.62  Uncertaincy: 0.241622
	Energy: 5748.43  Channel: 5720.67  Uncertaincy: 0.288672
	Energy: 5790.62  Channel: 5762.68  Uncertaincy: 0.288672
Results: 
	Offset: 3.62563 ± 2.38262
	Slope:  1.00429 ± 0.000460961
	Chi^2/ndf:  6.34076/7 = 0.905823
Covariance matrix
	5.67688	-0.00108675
	-0.00108675	2.12485e-07
--------------------------------
Strip 15
--------------------------------
Deadlayer corrected source 
	{(3162.24, 1)}
	{(5089.94, 0.119615), (5128.81, 0.171409), (5141.12, 0.708976)}
	{(5372.93, 0.0166734), (5427.83, 0.131579), (5470.66, 0.851748)}
	{(5748.18, 0.231), (5790.37, 0.769)}
Peaks:
	Energy: 3162.24  Channel: 3123.49  Uncertaincy: 0.176115
	Energy: 5089.94  Channel: 5030.05  Uncertaincy: 0.188448
	Energy: 5128.81  Channel: 5068.51  Uncertaincy: 0.188448
	Energy: 5141.12  Channel: 5080.69  Uncertaincy: 0.188448
	Energy: 5372.93  Channel: 5311.39  Uncertaincy: 0.249134
	Energy: 5427.83  Channel: 5365.71  Uncertaincy: 0.249134
	Energy: 5470.66  Channel: 5408.09  Uncertaincy: 0.249134
	Energy: 5748.18  Channel: 5682.99  Uncertaincy: 0.273551
	Energy: 5790.37  Channel: 5724.75  Uncertaincy: 0.273551
Results: 
	Offset: 6.94718 ± 2.37672
	Slope:  1.01035 ± 0.000462999
	Chi^2/ndf:  3.57091/7 = 0.510131
Covariance matrix
	5.64881	-0.00108896
	-0.00108896	2.14368e-07
--------------------------------
Strip 16
--------------------------------
Deadlayer corrected source 
	{(3161.77, 1)}
	{(5089.59, 0.119615), (5128.46, 0.171409), (5140.77, 0.708976)}
	{(5372.6, 0.0166734), (5427.49, 0.131579), (5470.32, 0.851748)}
	{(5747.85, 0.231), (5790.05, 0.769)}
Peaks:
	Energy: 3161.77  Channel: 3157.47  Uncertaincy: 0.244136
	Energy: 5089.59  Channel: 5079.88  Uncertaincy: 0.260178
	Energy: 5128.46  Channel: 5118.67  Uncertaincy: 0.260178
	Energy: 5140.77  Channel: 5130.96  Uncertaincy: 0.260178
	Energy: 5372.6  Channel: 5364.25  Uncertaincy: 0.282756
	Energy: 5427.49  Channel: 5419.03  Uncertaincy: 0.282756
	Energy: 5470.32  Channel: 5461.77  Uncertaincy: 0.282756
	Energy: 5747.85  Channel: 5738.31  Uncertaincy: 0.504815
	Energy: 5790.05  Channel: 5780.42  Uncertaincy: 0.504815
Results: 
	Offset: -1.31098 ± 2.42699
	Slope:  1.00195 ± 0.000469528
	Chi^2/ndf:  5.74496/7 = 0.820709
Covariance matrix
	5.89028	-0.00112757
	-0.00112757	2.20456e-07
Warnings:
	W2: Error on offset larger than value
======================================================
